2025-02-16 19:32:55,104 - ERROR - [ERROR] Unknown command: ls. Type 'help' to see the command list.
2025-02-16 19:33:50,458 - INFO - [INFO] Starting program: hello
2025-02-16 19:34:13,305 - INFO - [INFO] Starting program: hello my name is andrea
2025-02-16 19:34:32,518 - INFO - 
[INFO] Exiting shell...
2025-02-16 13:47:24,384 - INFO - [INFO] Fetching status of all programs...
2025-02-16 13:58:06,825 - INFO - 
[INFO] Exiting shell...
2025-02-16 13:58:12,426 - INFO - [INFO] Fetching status of all programs...
2025-02-16 14:01:54,889 - INFO - [INFO] Exiting shell...
2025-02-16 14:02:21,449 - INFO - [INFO] Fetching status of all programs...
2025-02-16 14:02:33,692 - INFO - [INFO] Exiting shell...
2025-02-16 14:04:14,356 - INFO - [INFO] Fetching status of all programs...
2025-02-16 14:06:14,467 - INFO - [INFO] Fetching status of all programs...
2025-02-16 14:08:07,514 - INFO - [INFO] Fetching status of all programs...
2025-02-16 14:08:22,451 - INFO - [INFO] Exiting shell...
2025-02-16 14:08:28,005 - INFO - [INFO] Fetching status of all programs...
2025-02-16 14:09:09,379 - INFO - [INFO] Fetching status of all programs...
2025-02-16 14:09:11,224 - INFO - [INFO] Fetching status of all programs...
2025-02-16 14:09:12,315 - INFO - [INFO] Fetching status of all programs...
2025-02-16 14:09:37,250 - INFO - 
[INFO] Exiting shell...
2025-02-16 14:11:29,876 - INFO - [INFO] Fetching status of all programs...
2025-02-16 14:11:58,752 - INFO - [INFO] Fetching status of all programs...
2025-02-16 14:12:03,744 - INFO - 
[INFO] Exiting shell...
2025-02-16 14:13:57,963 - INFO - [INFO] Fetching status of all programs...
2025-02-16 14:13:59,686 - INFO - [INFO] Fetching status of all programs...
2025-02-16 14:14:03,662 - INFO - [INFO] Fetching status of all programs...
2025-02-16 14:17:01,481 - INFO - 
[INFO] Exiting shell...
